<?xml version="1.0" encoding="UTF-8"?>
<!-- Generated by org.testng.reporters.JUnitReportReporter -->
<testsuite name="com.jbk.tests.AddUserTest" tests="3" time="6.578" ignored="2" failures="0" timestamp="02 Jun 2021 15:12:01 GMT" skipped="2" hostname="LAPTOP-COQHVDGR" errors="0">
  <testcase name="verifyValidAddUser" time="6.314" classname="com.jbk.tests.AddUserTest">
    <skipped/>
  </testcase> <!-- verifyValidAddUser -->
  <testcase name="verifyprintingDragDownOptExcel" time="0.003" classname="com.jbk.tests.AddUserTest">
    <skipped/>
  </testcase> <!-- verifyprintingDragDownOptExcel -->
  <testcase name="verifyPrintingDragDownOptions" time="0.261" classname="com.jbk.tests.AddUserTest"/>
  <testcase name="setExtent" classname="com.jbk.testBase.TestBase">
    <skipped/>
  </testcase> <!-- setExtent -->
  <testcase name="endReport" classname="com.jbk.testBase.TestBase">
    <skipped/>
  </testcase> <!-- endReport -->
</testsuite> <!-- com.jbk.tests.AddUserTest -->
