<?xml version="1.0" encoding="UTF-8"?>
<!-- Generated by org.testng.reporters.JUnitReportReporter -->
<testsuite name="com.jbk.tests.UsersTest" tests="10" time="47.343" ignored="0" failures="0" timestamp="02 Jun 2021 02:46:19 GMT" skipped="0" hostname="LAPTOP-COQHVDGR" errors="0">
  <testcase name="verifySeleniumFaculty" time="4.594" classname="com.jbk.tests.UsersTest"/>
  <testcase name="verifyComplete_UsersTable" time="5.210" classname="com.jbk.tests.UsersTest"/>
  <testcase name="verifyMaleGender" time="4.638" classname="com.jbk.tests.UsersTest"/>
  <testcase name="verifyToolTip" time="4.524" classname="com.jbk.tests.UsersTest"/>
  <testcase name="verifyUnameInOrder" time="4.668" classname="com.jbk.tests.UsersTest"/>
  <testcase name="verifyMobNoLength" time="4.662" classname="com.jbk.tests.UsersTest"/>
  <testcase name="verifyStateMaharashtra" time="4.814" classname="com.jbk.tests.UsersTest"/>
  <testcase name="verifyClickDeleteAlertMsg" time="5.072" classname="com.jbk.tests.UsersTest"/>
  <testcase name="verifyHeadingsAl" time="4.521" classname="com.jbk.tests.UsersTest"/>
  <testcase name="verifyGmail_com" time="4.640" classname="com.jbk.tests.UsersTest"/>
</testsuite> <!-- com.jbk.tests.UsersTest -->
