<?xml version="1.0" encoding="UTF-8"?>
<!-- Generated by org.testng.reporters.JUnitReportReporter -->
<testsuite name="com.jbk.tests.OperatorsTest" tests="9" time="49.609" ignored="0" failures="0" timestamp="02 Jun 2021 03:49:32 GMT" skipped="0" hostname="LAPTOP-COQHVDGR" errors="0">
  <testcase name="verifyFacultiesNotAvailableOnSunday" time="4.613" classname="com.jbk.tests.OperatorsTest"/>
  <testcase name="verifyPrefferedWayToConnect_WhatsApp" time="5.507" classname="com.jbk.tests.OperatorsTest"/>
  <testcase name="verifyFacultiesAvailableOnMonday" time="5.190" classname="com.jbk.tests.OperatorsTest"/>
  <testcase name="verifyPrefferedWayToConnect_WhatsApp_ButNot_PhoneCall" time="5.334" classname="com.jbk.tests.OperatorsTest"/>
  <testcase name="verifyPrefferedWayToConnect_WhatsApp_And_PhoneCall" time="6.833" classname="com.jbk.tests.OperatorsTest"/>
  <testcase name="verifyNamesInAlphabeticalOrder" time="4.654" classname="com.jbk.tests.OperatorsTest"/>
  <testcase name="verifycontactNoLength" time="6.477" classname="com.jbk.tests.OperatorsTest"/>
  <testcase name="verifyPrefferedWayToConnect_PhoneCall" time="5.102" classname="com.jbk.tests.OperatorsTest"/>
  <testcase name="verifyComplete_OperatorsTable" time="5.899" classname="com.jbk.tests.OperatorsTest"/>
</testsuite> <!-- com.jbk.tests.OperatorsTest -->
