<?xml version="1.0" encoding="UTF-8"?>
<!-- Generated by org.testng.reporters.JUnitReportReporter -->
<testsuite name="com.jbk.tests.RegisterTest" tests="4" time="9.768" ignored="0" failures="0" timestamp="01 Jun 2021 04:09:11 GMT" skipped="0" hostname="LAPTOP-COQHVDGR" errors="0">
  <testcase name="verifyHeading" time="2.526" classname="com.jbk.tests.RegisterTest"/>
  <testcase name="verifyAlreadyMemberText" time="2.447" classname="com.jbk.tests.RegisterTest"/>
  <testcase name="verifyTitle" time="2.389" classname="com.jbk.tests.RegisterTest"/>
  <testcase name="verifyUrl" time="2.406" classname="com.jbk.tests.RegisterTest"/>
</testsuite> <!-- com.jbk.tests.RegisterTest -->
