<?xml version="1.0" encoding="UTF-8"?>
<!-- Generated by org.testng.reporters.JUnitReportReporter -->
<testsuite name="com.jbk.tests.DownloadsTest" tests="4" time="20.645" ignored="0" failures="0" timestamp="02 Jun 2021 02:46:19 GMT" skipped="0" hostname="LAPTOP-COQHVDGR" errors="0">
  <testcase name="verifyOperatingSystem_32bit" time="5.063" classname="com.jbk.tests.DownloadsTest"/>
  <testcase name="verifyNone" time="5.052" classname="com.jbk.tests.DownloadsTest"/>
  <testcase name="verifyComplete_DownloadsTable" time="5.780" classname="com.jbk.tests.DownloadsTest"/>
  <testcase name="verifyCommon" time="4.750" classname="com.jbk.tests.DownloadsTest"/>
</testsuite> <!-- com.jbk.tests.DownloadsTest -->
