<?xml version="1.0" encoding="UTF-8"?>
<!-- Generated by org.testng.reporters.JUnitReportReporter -->
<testsuite name="com.jbk.tests.DashboardTest" tests="23" time="116.934" ignored="0" failures="0" timestamp="02 Jun 2021 02:46:19 GMT" skipped="0" hostname="LAPTOP-COQHVDGR" errors="0">
  <testcase name="verifyCornerHeading" time="4.333" classname="com.jbk.tests.DashboardTest"/>
  <testcase name="verifyMoreInfoNewWindow" time="8.939" classname="com.jbk.tests.DashboardTest"/>
  <testcase name="verifynavigationMenuText" time="5.043" classname="com.jbk.tests.DashboardTest"/>
  <testcase name="verifyUsersMenu" time="4.787" classname="com.jbk.tests.DashboardTest"/>
  <testcase name="verifyCoursesSubHeading" time="4.419" classname="com.jbk.tests.DashboardTest"/>
  <testcase name="verifyCoursesMoreInfo" time="4.067" classname="com.jbk.tests.DashboardTest"/>
  <testcase name="verifyUserImage" time="4.117" classname="com.jbk.tests.DashboardTest"/>
  <testcase name="verifySequence" time="4.132" classname="com.jbk.tests.DashboardTest"/>
  <testcase name="verifyUrl" time="4.123" classname="com.jbk.tests.DashboardTest"/>
  <testcase name="verifyUserName" time="4.316" classname="com.jbk.tests.DashboardTest"/>
  <testcase name="verifyUserStatus" time="4.129" classname="com.jbk.tests.DashboardTest"/>
  <testcase name="verifyMainHeading" time="3.916" classname="com.jbk.tests.DashboardTest"/>
  <testcase name="verifyCourseSubHeading" time="4.256" classname="com.jbk.tests.DashboardTest"/>
  <testcase name="verifyDownloadsMenu" time="4.707" classname="com.jbk.tests.DashboardTest"/>
  <testcase name="verifyLeftCornerLogOutMenu" time="4.123" classname="com.jbk.tests.DashboardTest"/>
  <testcase name="verifyOperatorsMenu" time="4.843" classname="com.jbk.tests.DashboardTest"/>
  <testcase name="verifyRightCornerLogOutLink" time="4.462" classname="com.jbk.tests.DashboardTest"/>
  <testcase name="verifyFooterStatement" time="4.214" classname="com.jbk.tests.DashboardTest"/>
  <testcase name="verifyJBK_Link" time="12.414" classname="com.jbk.tests.DashboardTest"/>
  <testcase name="verifyUsefulLinksMenu" time="4.745" classname="com.jbk.tests.DashboardTest"/>
  <testcase name="verifyCoursesHeading" time="8.332" classname="com.jbk.tests.DashboardTest"/>
  <testcase name="verifyTitle" time="4.173" classname="com.jbk.tests.DashboardTest"/>
  <testcase name="verifyCourseHeading" time="4.344" classname="com.jbk.tests.DashboardTest"/>
</testsuite> <!-- com.jbk.tests.DashboardTest -->
