<?xml version="1.0" encoding="UTF-8"?>
<!-- Generated by org.testng.reporters.JUnitReportReporter -->
<testsuite name="com.jbk.tests.RegisterTest" tests="8" time="27.316" ignored="0" failures="0" timestamp="02 Jun 2021 03:49:32 GMT" skipped="0" hostname="LAPTOP-COQHVDGR" errors="0">
  <testcase name="verifyUrl" time="3.184" classname="com.jbk.tests.RegisterTest"/>
  <testcase name="verifyHeading" time="3.322" classname="com.jbk.tests.RegisterTest"/>
  <testcase name="verifyValidSignIn" time="3.512" classname="com.jbk.tests.RegisterTest"/>
  <testcase name="verifyAlreadyMemberLink" time="3.414" classname="com.jbk.tests.RegisterTest"/>
  <testcase name="verifyAlreadyMemberText" time="2.901" classname="com.jbk.tests.RegisterTest"/>
  <testcase name="verifyBlankSignIn" time="4.463" classname="com.jbk.tests.RegisterTest"/>
  <testcase name="verifyPlaceholders" time="3.281" classname="com.jbk.tests.RegisterTest"/>
  <testcase name="verifyTitle" time="3.239" classname="com.jbk.tests.RegisterTest"/>
</testsuite> <!-- com.jbk.tests.RegisterTest -->
