<?xml version="1.0" encoding="UTF-8"?>
<!-- Generated by org.testng.reporters.JUnitReportReporter -->
<testsuite name="com.jbk.tests.UsersTest" tests="4" time="14.922" ignored="0" failures="0" timestamp="01 Jun 2021 04:09:11 GMT" skipped="0" hostname="LAPTOP-COQHVDGR" errors="0">
  <testcase name="verifyMaleGender" time="3.700" classname="com.jbk.tests.UsersTest"/>
  <testcase name="verifyHeadingsAl" time="3.757" classname="com.jbk.tests.UsersTest"/>
  <testcase name="verifyMobNoLength" time="3.831" classname="com.jbk.tests.UsersTest"/>
  <testcase name="verifyUnameInOrder" time="3.634" classname="com.jbk.tests.UsersTest"/>
</testsuite> <!-- com.jbk.tests.UsersTest -->
