<?xml version="1.0" encoding="UTF-8"?>
<!-- Generated by org.testng.reporters.JUnitReportReporter -->
<testsuite name="com.jbk.tests.UsefulLinksTest" tests="3" time="46.962" ignored="0" failures="0" timestamp="02 Jun 2021 03:49:32 GMT" skipped="0" hostname="LAPTOP-COQHVDGR" errors="0">
  <testcase name="verifyClickGO" time="19.915" classname="com.jbk.tests.UsefulLinksTest"/>
  <testcase name="verifyClickGoExcel" time="21.690" classname="com.jbk.tests.UsefulLinksTest"/>
  <testcase name="verifyComplete_UsefulLinksTable" time="5.357" classname="com.jbk.tests.UsefulLinksTest"/>
</testsuite> <!-- com.jbk.tests.UsefulLinksTest -->
