<?xml version="1.0" encoding="UTF-8"?>
<!-- Generated by org.testng.reporters.JUnitReportReporter -->
<testsuite name="com.jbk.tests.DownloadsTest" tests="4" time="25.906" ignored="0" failures="0" timestamp="02 Jun 2021 03:49:32 GMT" skipped="0" hostname="LAPTOP-COQHVDGR" errors="0">
  <testcase name="verifyOperatingSystem_32bit" time="5.823" classname="com.jbk.tests.DownloadsTest"/>
  <testcase name="verifyCommon" time="5.492" classname="com.jbk.tests.DownloadsTest"/>
  <testcase name="verifyComplete_DownloadsTable" time="6.694" classname="com.jbk.tests.DownloadsTest"/>
  <testcase name="verifyNone" time="7.897" classname="com.jbk.tests.DownloadsTest"/>
</testsuite> <!-- com.jbk.tests.DownloadsTest -->
