<?xml version="1.0" encoding="UTF-8"?>
<!-- Generated by org.testng.reporters.JUnitReportReporter -->
<testsuite name="com.jbk.tests.LoginTest" tests="15" time="51.194" ignored="0" failures="0" timestamp="02 Jun 2021 02:46:19 GMT" skipped="0" hostname="LAPTOP-COQHVDGR" errors="0">
  <testcase name="loginWithAlldata" time="6.020" classname="com.jbk.tests.LoginTest"/>
  <testcase name="verifyInvalidLogInErrorMessage" time="3.262" classname="com.jbk.tests.LoginTest"/>
  <testcase name="verifyTitle" time="3.050" classname="com.jbk.tests.LoginTest"/>
  <testcase name="verifyUrlOfLoginPage" time="2.642" classname="com.jbk.tests.LoginTest"/>
  <testcase name="verifySignInBoxHeading" time="2.761" classname="com.jbk.tests.LoginTest"/>
  <testcase name="verifyRegisterLinkText" time="2.882" classname="com.jbk.tests.LoginTest"/>
  <testcase name="verifyPlaceholders" time="2.875" classname="com.jbk.tests.LoginTest"/>
  <testcase name="verifyLogoutSuccessfullyMessage" time="4.376" classname="com.jbk.tests.LoginTest"/>
  <testcase name="verifyMainHeading" time="2.964" classname="com.jbk.tests.LoginTest"/>
  <testcase name="verifyBlankLogInErrorMessage" time="3.129" classname="com.jbk.tests.LoginTest"/>
  <testcase name="verifyLogo" time="3.874" classname="com.jbk.tests.LoginTest"/>
  <testcase name="verifyRegisterLink" time="3.090" classname="com.jbk.tests.LoginTest"/>
  <testcase name="verifyInvalidLogIn" time="3.297" classname="com.jbk.tests.LoginTest"/>
  <testcase name="verifyValidLogIn" time="4.142" classname="com.jbk.tests.LoginTest"/>
  <testcase name="verifySubHeading" time="2.830" classname="com.jbk.tests.LoginTest"/>
</testsuite> <!-- com.jbk.tests.LoginTest -->
