<?xml version="1.0" encoding="UTF-8"?>
<!-- Generated by org.testng.reporters.JUnitReportReporter -->
<testsuite name="com.jbk.tests.OperatorsTest" tests="9" time="43.315" ignored="0" failures="0" timestamp="02 Jun 2021 02:46:19 GMT" skipped="0" hostname="LAPTOP-COQHVDGR" errors="0">
  <testcase name="verifyPrefferedWayToConnect_WhatsApp_ButNot_PhoneCall" time="4.910" classname="com.jbk.tests.OperatorsTest"/>
  <testcase name="verifyPrefferedWayToConnect_WhatsApp" time="4.770" classname="com.jbk.tests.OperatorsTest"/>
  <testcase name="verifyPrefferedWayToConnect_PhoneCall" time="4.722" classname="com.jbk.tests.OperatorsTest"/>
  <testcase name="verifyFacultiesNotAvailableOnSunday" time="5.049" classname="com.jbk.tests.OperatorsTest"/>
  <testcase name="verifyFacultiesAvailableOnMonday" time="4.819" classname="com.jbk.tests.OperatorsTest"/>
  <testcase name="verifyPrefferedWayToConnect_WhatsApp_And_PhoneCall" time="4.820" classname="com.jbk.tests.OperatorsTest"/>
  <testcase name="verifyNamesInAlphabeticalOrder" time="4.619" classname="com.jbk.tests.OperatorsTest"/>
  <testcase name="verifyComplete_OperatorsTable" time="4.940" classname="com.jbk.tests.OperatorsTest"/>
  <testcase name="verifycontactNoLength" time="4.666" classname="com.jbk.tests.OperatorsTest"/>
</testsuite> <!-- com.jbk.tests.OperatorsTest -->
