<?xml version="1.0" encoding="UTF-8"?>
<!-- Generated by org.testng.reporters.JUnitReportReporter -->
<testsuite name="com.jbk.tests.LoginTest" tests="4" time="9.461" ignored="0" failures="0" timestamp="01 Jun 2021 04:09:11 GMT" skipped="0" hostname="LAPTOP-COQHVDGR" errors="0">
  <testcase name="verifyMainHeading" time="2.231" classname="com.jbk.tests.LoginTest"/>
  <testcase name="verifyTitle" time="2.233" classname="com.jbk.tests.LoginTest"/>
  <testcase name="verifyLogo" time="2.228" classname="com.jbk.tests.LoginTest"/>
  <testcase name="verifyUrlOfLoginPage" time="2.769" classname="com.jbk.tests.LoginTest"/>
</testsuite> <!-- com.jbk.tests.LoginTest -->
