<?xml version="1.0" encoding="UTF-8"?>
<!-- Generated by org.testng.reporters.JUnitReportReporter -->
<testsuite name="com.jbk.tests.UsefulLinksTest" tests="3" time="43.086" ignored="0" failures="0" timestamp="02 Jun 2021 02:46:19 GMT" skipped="0" hostname="LAPTOP-COQHVDGR" errors="0">
  <testcase name="verifyComplete_UsefulLinksTable" time="4.949" classname="com.jbk.tests.UsefulLinksTest"/>
  <testcase name="verifyClickGO" time="18.644" classname="com.jbk.tests.UsefulLinksTest"/>
  <testcase name="verifyClickGoExcel" time="19.493" classname="com.jbk.tests.UsefulLinksTest"/>
</testsuite> <!-- com.jbk.tests.UsefulLinksTest -->
