<?xml version="1.0" encoding="UTF-8"?>
<!-- Generated by org.testng.reporters.JUnitReportReporter -->
<testsuite name="com.jbk.tests.AddUserTest" tests="3" time="20.309" ignored="0" failures="0" timestamp="02 Jun 2021 03:49:32 GMT" skipped="0" hostname="LAPTOP-COQHVDGR" errors="0">
  <testcase name="verifyPrintingDragDownOptions" time="6.201" classname="com.jbk.tests.AddUserTest"/>
  <testcase name="verifyValidAddUser" time="8.199" classname="com.jbk.tests.AddUserTest"/>
  <testcase name="verifyprintingDragDownOptExcel" time="5.909" classname="com.jbk.tests.AddUserTest"/>
</testsuite> <!-- com.jbk.tests.AddUserTest -->
