<?xml version="1.0" encoding="UTF-8"?>
<!-- Generated by org.testng.reporters.JUnitReportReporter -->
<testsuite name="com.jbk.tests.DashboardTest" tests="4" time="14.294" ignored="0" failures="0" timestamp="01 Jun 2021 04:09:11 GMT" skipped="0" hostname="LAPTOP-COQHVDGR" errors="0">
  <testcase name="verifyCornerHeading" time="3.515" classname="com.jbk.tests.DashboardTest"/>
  <testcase name="verifyMainHeading" time="3.886" classname="com.jbk.tests.DashboardTest"/>
  <testcase name="verifyUrl" time="3.413" classname="com.jbk.tests.DashboardTest"/>
  <testcase name="verifyTitle" time="3.480" classname="com.jbk.tests.DashboardTest"/>
</testsuite> <!-- com.jbk.tests.DashboardTest -->
