<?xml version="1.0" encoding="UTF-8"?>
<!-- Generated by org.testng.reporters.JUnitReportReporter -->
<testsuite name="com.jbk.tests.UsersTest" tests="10" time="54.526" ignored="0" failures="0" timestamp="02 Jun 2021 03:49:32 GMT" skipped="0" hostname="LAPTOP-COQHVDGR" errors="0">
  <testcase name="verifyHeadingsAl" time="6.498" classname="com.jbk.tests.UsersTest"/>
  <testcase name="verifyGmail_com" time="5.215" classname="com.jbk.tests.UsersTest"/>
  <testcase name="verifyUnameInOrder" time="6.894" classname="com.jbk.tests.UsersTest"/>
  <testcase name="verifyClickDeleteAlertMsg" time="4.791" classname="com.jbk.tests.UsersTest"/>
  <testcase name="verifyMobNoLength" time="4.584" classname="com.jbk.tests.UsersTest"/>
  <testcase name="verifyMaleGender" time="5.200" classname="com.jbk.tests.UsersTest"/>
  <testcase name="verifyComplete_UsersTable" time="6.230" classname="com.jbk.tests.UsersTest"/>
  <testcase name="verifyToolTip" time="4.540" classname="com.jbk.tests.UsersTest"/>
  <testcase name="verifySeleniumFaculty" time="4.489" classname="com.jbk.tests.UsersTest"/>
  <testcase name="verifyStateMaharashtra" time="6.085" classname="com.jbk.tests.UsersTest"/>
</testsuite> <!-- com.jbk.tests.UsersTest -->
