<?xml version="1.0" encoding="UTF-8"?>
<!-- Generated by org.testng.reporters.JUnitReportReporter -->
<testsuite name="com.jbk.tests.DownloadsTest" tests="4" time="16.582" ignored="0" failures="0" timestamp="01 Jun 2021 04:09:11 GMT" skipped="0" hostname="LAPTOP-COQHVDGR" errors="0">
  <testcase name="verifyNone" time="4.056" classname="com.jbk.tests.DownloadsTest"/>
  <testcase name="verifyOperatingSystem_32bit" time="3.964" classname="com.jbk.tests.DownloadsTest"/>
  <testcase name="verifyComplete_DownloadsTable" time="4.484" classname="com.jbk.tests.DownloadsTest"/>
  <testcase name="verifyCommon" time="4.078" classname="com.jbk.tests.DownloadsTest"/>
</testsuite> <!-- com.jbk.tests.DownloadsTest -->
