<?xml version="1.0" encoding="UTF-8"?>
<!-- Generated by org.testng.reporters.JUnitReportReporter -->
<testsuite name="com.jbk.tests.LoginTest" tests="15" time="51.531" ignored="0" failures="0" timestamp="02 Jun 2021 03:49:32 GMT" skipped="0" hostname="LAPTOP-COQHVDGR" errors="0">
  <testcase name="verifySubHeading" time="2.547" classname="com.jbk.tests.LoginTest"/>
  <testcase name="verifyRegisterLinkText" time="2.820" classname="com.jbk.tests.LoginTest"/>
  <testcase name="verifyLogo" time="2.694" classname="com.jbk.tests.LoginTest"/>
  <testcase name="verifyUrlOfLoginPage" time="3.413" classname="com.jbk.tests.LoginTest"/>
  <testcase name="verifyRegisterLink" time="4.157" classname="com.jbk.tests.LoginTest"/>
  <testcase name="verifyInvalidLogIn" time="3.036" classname="com.jbk.tests.LoginTest"/>
  <testcase name="verifyTitle" time="2.674" classname="com.jbk.tests.LoginTest"/>
  <testcase name="verifyLogoutSuccessfullyMessage" time="4.267" classname="com.jbk.tests.LoginTest"/>
  <testcase name="verifyBlankLogInErrorMessage" time="3.311" classname="com.jbk.tests.LoginTest"/>
  <testcase name="verifySignInBoxHeading" time="2.722" classname="com.jbk.tests.LoginTest"/>
  <testcase name="verifyPlaceholders" time="2.854" classname="com.jbk.tests.LoginTest"/>
  <testcase name="verifyMainHeading" time="2.868" classname="com.jbk.tests.LoginTest"/>
  <testcase name="loginWithAlldata" time="6.251" classname="com.jbk.tests.LoginTest"/>
  <testcase name="verifyInvalidLogInErrorMessage" time="3.908" classname="com.jbk.tests.LoginTest"/>
  <testcase name="verifyValidLogIn" time="4.009" classname="com.jbk.tests.LoginTest"/>
</testsuite> <!-- com.jbk.tests.LoginTest -->
