<?xml version="1.0" encoding="UTF-8"?>
<!-- Generated by org.testng.reporters.JUnitReportReporter -->
<testsuite name="com.jbk.tests.AddUserTest" tests="3" time="18.650" ignored="0" failures="0" timestamp="02 Jun 2021 02:46:19 GMT" skipped="0" hostname="LAPTOP-COQHVDGR" errors="0">
  <testcase name="verifyPrintingDragDownOptions" time="4.952" classname="com.jbk.tests.AddUserTest"/>
  <testcase name="verifyValidAddUser" time="7.880" classname="com.jbk.tests.AddUserTest"/>
  <testcase name="verifyprintingDragDownOptExcel" time="5.818" classname="com.jbk.tests.AddUserTest"/>
</testsuite> <!-- com.jbk.tests.AddUserTest -->
