<?xml version="1.0" encoding="UTF-8"?>
<!-- Generated by org.testng.reporters.JUnitReportReporter -->
<testsuite name="com.jbk.tests.AddUserTest" tests="3" time="18.808" ignored="0" failures="0" timestamp="01 Jun 2021 04:09:11 GMT" skipped="0" hostname="LAPTOP-COQHVDGR" errors="0">
  <testcase name="verifyPrintingDragDownOptions" time="4.026" classname="com.jbk.tests.AddUserTest"/>
  <testcase name="verifyValidAddUser" time="10.377" classname="com.jbk.tests.AddUserTest"/>
  <testcase name="verifyprintingDragDownOptExcel" time="4.405" classname="com.jbk.tests.AddUserTest"/>
</testsuite> <!-- com.jbk.tests.AddUserTest -->
