<?xml version="1.0" encoding="UTF-8"?>
<!-- Generated by org.testng.reporters.JUnitReportReporter -->
<testsuite name="com.jbk.tests.RegisterTest" tests="8" time="25.341" ignored="0" failures="0" timestamp="02 Jun 2021 02:46:19 GMT" skipped="0" hostname="LAPTOP-COQHVDGR" errors="0">
  <testcase name="verifyHeading" time="2.966" classname="com.jbk.tests.RegisterTest"/>
  <testcase name="verifyAlreadyMemberText" time="3.136" classname="com.jbk.tests.RegisterTest"/>
  <testcase name="verifyTitle" time="3.082" classname="com.jbk.tests.RegisterTest"/>
  <testcase name="verifyValidSignIn" time="3.633" classname="com.jbk.tests.RegisterTest"/>
  <testcase name="verifyAlreadyMemberLink" time="3.221" classname="com.jbk.tests.RegisterTest"/>
  <testcase name="verifyUrl" time="3.010" classname="com.jbk.tests.RegisterTest"/>
  <testcase name="verifyBlankSignIn" time="3.160" classname="com.jbk.tests.RegisterTest"/>
  <testcase name="verifyPlaceholders" time="3.133" classname="com.jbk.tests.RegisterTest"/>
</testsuite> <!-- com.jbk.tests.RegisterTest -->
