<?xml version="1.0" encoding="UTF-8"?>
<!-- Generated by org.testng.reporters.JUnitReportReporter -->
<testsuite name="com.jbk.tests.DashboardTest" tests="23" time="120.617" ignored="0" failures="0" timestamp="02 Jun 2021 03:49:32 GMT" skipped="0" hostname="LAPTOP-COQHVDGR" errors="0">
  <testcase name="verifyJBK_Link" time="15.502" classname="com.jbk.tests.DashboardTest"/>
  <testcase name="verifynavigationMenuText" time="5.205" classname="com.jbk.tests.DashboardTest"/>
  <testcase name="verifyMoreInfoNewWindow" time="8.742" classname="com.jbk.tests.DashboardTest"/>
  <testcase name="verifyRightCornerLogOutLink" time="4.386" classname="com.jbk.tests.DashboardTest"/>
  <testcase name="verifyUsefulLinksMenu" time="4.415" classname="com.jbk.tests.DashboardTest"/>
  <testcase name="verifyCoursesHeading" time="4.567" classname="com.jbk.tests.DashboardTest"/>
  <testcase name="verifyCoursesMoreInfo" time="4.193" classname="com.jbk.tests.DashboardTest"/>
  <testcase name="verifyDownloadsMenu" time="5.888" classname="com.jbk.tests.DashboardTest"/>
  <testcase name="verifyCourseHeading" time="4.144" classname="com.jbk.tests.DashboardTest"/>
  <testcase name="verifyUserStatus" time="4.127" classname="com.jbk.tests.DashboardTest"/>
  <testcase name="verifyFooterStatement" time="4.343" classname="com.jbk.tests.DashboardTest"/>
  <testcase name="verifyUsersMenu" time="6.659" classname="com.jbk.tests.DashboardTest"/>
  <testcase name="verifyMainHeading" time="3.962" classname="com.jbk.tests.DashboardTest"/>
  <testcase name="verifyOperatorsMenu" time="5.168" classname="com.jbk.tests.DashboardTest"/>
  <testcase name="verifyUrl" time="4.298" classname="com.jbk.tests.DashboardTest"/>
  <testcase name="verifyCourseSubHeading" time="6.448" classname="com.jbk.tests.DashboardTest"/>
  <testcase name="verifyLeftCornerLogOutMenu" time="4.249" classname="com.jbk.tests.DashboardTest"/>
  <testcase name="verifyCoursesSubHeading" time="4.048" classname="com.jbk.tests.DashboardTest"/>
  <testcase name="verifySequence" time="3.977" classname="com.jbk.tests.DashboardTest"/>
  <testcase name="verifyUserImage" time="3.986" classname="com.jbk.tests.DashboardTest"/>
  <testcase name="verifyTitle" time="3.979" classname="com.jbk.tests.DashboardTest"/>
  <testcase name="verifyUserName" time="4.126" classname="com.jbk.tests.DashboardTest"/>
  <testcase name="verifyCornerHeading" time="4.205" classname="com.jbk.tests.DashboardTest"/>
</testsuite> <!-- com.jbk.tests.DashboardTest -->
