<?xml version="1.0" encoding="UTF-8"?>
<!-- Generated by org.testng.reporters.JUnitReportReporter -->
<testsuite name="com.jbk.tests.UsefulLinksTest" tests="3" time="38.601" ignored="0" failures="0" timestamp="01 Jun 2021 04:09:11 GMT" skipped="0" hostname="LAPTOP-COQHVDGR" errors="0">
  <testcase name="verifyComplete_UsefulLinksTable" time="4.100" classname="com.jbk.tests.UsefulLinksTest"/>
  <testcase name="verifyClickGO" time="17.422" classname="com.jbk.tests.UsefulLinksTest"/>
  <testcase name="verifyClickGoExcel" time="17.079" classname="com.jbk.tests.UsefulLinksTest"/>
</testsuite> <!-- com.jbk.tests.UsefulLinksTest -->
