<?xml version="1.0" encoding="UTF-8"?>
<!-- Generated by org.testng.reporters.JUnitReportReporter -->
<testsuite name="com.jbk.tests.OperatorsTest" tests="4" time="14.998" ignored="0" failures="0" timestamp="01 Jun 2021 04:09:11 GMT" skipped="0" hostname="LAPTOP-COQHVDGR" errors="0">
  <testcase name="verifyPrefferedWayToConnect_WhatsApp" time="3.800" classname="com.jbk.tests.OperatorsTest"/>
  <testcase name="verifyPrefferedWayToConnect_PhoneCall" time="3.760" classname="com.jbk.tests.OperatorsTest"/>
  <testcase name="verifyNamesInAlphabeticalOrder" time="3.724" classname="com.jbk.tests.OperatorsTest"/>
  <testcase name="verifycontactNoLength" time="3.714" classname="com.jbk.tests.OperatorsTest"/>
</testsuite> <!-- com.jbk.tests.OperatorsTest -->
